gardev/app/build/intermediates/manifest_merge_blame_file/debug/manifest-merger-blame-debug-report.txt
1<?xml version="1.0" encoding="utf-8"?>
2<manifest xmlns:android="http://schemas.android.com/apk/res/android"
3    package="com.ninetynineapps.vehiclemanager"
4    android:versionCode="3"
5    android:versionName="1.3" >
6
7    <uses-sdk
8        android:minSdkVersion="21"
8-->src/main/AndroidManifest.xml
9        android:targetSdkVersion="33" />
9-->src/main/AndroidManifest.xml
10
11    <!-- Normal Permissions -->
12    <uses-permission android:name="android.permission.INTERNET" />
12-->src/main/AndroidManifest.xml:6:5-67
12-->src/main/AndroidManifest.xml:6:22-64
13    <uses-permission android:name="android.permission.ACCESS_NETWORK_STATE" />
13-->src/main/AndroidManifest.xml:7:5-79
13-->src/main/AndroidManifest.xml:7:22-76
14    <uses-permission android:name="android.permission.POST_NOTIFICATIONS" />
14-->[com.google.firebase:firebase-messaging:23.1.0] AndroidManifest.xml:25:5-77
14-->[com.google.firebase:firebase-messaging:23.1.0] AndroidManifest.xml:25:22-74
15    <uses-permission android:name="android.permission.WAKE_LOCK" /> <!-- Required by older versions of Google Play services to create IID tokens -->
15-->[com.google.firebase:firebase-messaging:23.1.0] AndroidManifest.xml:26:5-68
15-->[com.google.firebase:firebase-messaging:23.1.0] AndroidManifest.xml:26:22-65
16    <uses-permission android:name="com.google.android.c2dm.permission.RECEIVE" />
16-->[com.google.firebase:firebase-messaging:23.1.0] AndroidManifest.xml:28:5-82
16-->[com.google.firebase:firebase-messaging:23.1.0] AndroidManifest.xml:28:22-79
17    <uses-permission android:name="com.google.android.gms.permission.AD_ID" /> <!-- Android package visibility setting -->
17-->[com.google.android.gms:play-services-ads-lite:21.3.0] AndroidManifest.xml:25:5-79
17-->[com.google.android.gms:play-services-ads-lite:21.3.0] AndroidManifest.xml:25:22-76
18    <queries>
18-->[com.google.android.gms:play-services-ads-lite:21.3.0] AndroidManifest.xml:28:5-44:15
19
20        <!-- For browser content -->
21        <intent>
21-->[com.google.android.gms:play-services-ads-lite:21.3.0] AndroidManifest.xml:31:9-37:18
22            <action android:name="android.intent.action.VIEW" />
22-->src/main/AndroidManifest.xml:31:17-69
22-->src/main/AndroidManifest.xml:31:25-66
23
24            <category android:name="android.intent.category.BROWSABLE" />
24-->[com.google.android.gms:play-services-ads-lite:21.3.0] AndroidManifest.xml:34:13-74
24-->[com.google.android.gms:play-services-ads-lite:21.3.0] AndroidManifest.xml:34:23-71
25
26            <data android:scheme="https" />
26-->[com.google.android.gms:play-services-ads-lite:21.3.0] AndroidManifest.xml:36:13-44
26-->[com.google.android.gms:play-services-ads-lite:21.3.0] AndroidManifest.xml:36:19-41
27        </intent>
28        <!-- End of browser content -->
29        <!-- For CustomTabsService -->
30        <intent>
30-->[com.google.android.gms:play-services-ads-lite:21.3.0] AndroidManifest.xml:40:9-42:18
31            <action android:name="android.support.customtabs.action.CustomTabsService" />
31-->[com.google.android.gms:play-services-ads-lite:21.3.0] AndroidManifest.xml:41:13-90
31-->[com.google.android.gms:play-services-ads-lite:21.3.0] AndroidManifest.xml:41:21-87
32        </intent>
33        <!-- End of CustomTabsService -->
34    </queries>
35
36    <uses-permission android:name="com.google.android.finsky.permission.BIND_GET_INSTALL_REFERRER_SERVICE" />
36-->[com.google.android.gms:play-services-measurement:21.2.0] AndroidManifest.xml:26:5-110
36-->[com.google.android.gms:play-services-measurement:21.2.0] AndroidManifest.xml:26:22-107
37    <uses-permission android:name="android.permission.RECEIVE_BOOT_COMPLETED" />
37-->[androidx.work:work-runtime:2.7.1] AndroidManifest.xml:27:5-81
37-->[androidx.work:work-runtime:2.7.1] AndroidManifest.xml:27:22-78
38    <uses-permission android:name="android.permission.FOREGROUND_SERVICE" />
38-->[androidx.work:work-runtime:2.7.1] AndroidManifest.xml:28:5-77
38-->[androidx.work:work-runtime:2.7.1] AndroidManifest.xml:28:22-74
39
40    <application
40-->src/main/AndroidManifest.xml:9:5-176:19
41        android:name="com.medis.garage.common.AppController"
41-->src/main/AndroidManifest.xml:10:13-65
42        android:allowBackup="true"
42-->src/main/AndroidManifest.xml:11:13-39
43        android:appComponentFactory="androidx.core.app.CoreComponentFactory"
43-->[androidx.core:core:1.6.0] AndroidManifest.xml:24:18-86
44        android:debuggable="true"
45        android:icon="@mipmap/ic_launcher"
45-->src/main/AndroidManifest.xml:12:13-47
46        android:label="@string/app_name"
46-->src/main/AndroidManifest.xml:13:13-45
47        android:networkSecurityConfig="@xml/network_security_config"
47-->src/main/AndroidManifest.xml:14:13-73
48        android:roundIcon="@mipmap/ic_launcher_round"
48-->src/main/AndroidManifest.xml:15:13-58
49        android:supportsRtl="true"
49-->src/main/AndroidManifest.xml:16:13-39
50        android:testOnly="true"
51        android:theme="@style/AppTheme"
51-->src/main/AndroidManifest.xml:17:13-44
52        android:usesCleartextTraffic="true" >
52-->src/main/AndroidManifest.xml:18:13-48
53        <meta-data
53-->src/main/AndroidManifest.xml:20:9-22:65
54            android:name="com.google.android.gms.ads.APPLICATION_ID"
54-->src/main/AndroidManifest.xml:21:17-73
55            android:value="@string/AD_MOB_APPLICATION_ID" />
55-->src/main/AndroidManifest.xml:22:17-62
56
57        <activity
57-->src/main/AndroidManifest.xml:24:9-35:20
58            android:name="com.medis.garage.activities.SplashActivity"
58-->src/main/AndroidManifest.xml:26:17-74
59            android:exported="true"
59-->src/main/AndroidManifest.xml:25:17-40
60            android:screenOrientation="portrait"
60-->src/main/AndroidManifest.xml:27:17-53
61            android:theme="@style/AppTheme_Splash" >
61-->src/main/AndroidManifest.xml:28:17-55
62            <intent-filter>
62-->src/main/AndroidManifest.xml:29:13-34:29
63                <action android:name="android.intent.action.MAIN" />
63-->src/main/AndroidManifest.xml:30:17-69
63-->src/main/AndroidManifest.xml:30:25-66
64                <action android:name="android.intent.action.VIEW" />
64-->src/main/AndroidManifest.xml:31:17-69
64-->src/main/AndroidManifest.xml:31:25-66
65
66                <category android:name="android.intent.category.LAUNCHER" />
66-->src/main/AndroidManifest.xml:33:17-77
66-->src/main/AndroidManifest.xml:33:27-74
67            </intent-filter>
68        </activity>
69        <activity
69-->src/main/AndroidManifest.xml:37:9-40:63
70            android:name="com.medis.garage.activities.MainActivity"
70-->src/main/AndroidManifest.xml:38:17-72
71            android:screenOrientation="portrait"
71-->src/main/AndroidManifest.xml:39:17-53
72            android:theme="@style/AppTheme.NoActionBar" />
72-->src/main/AndroidManifest.xml:40:17-60
73        <activity
73-->src/main/AndroidManifest.xml:42:9-45:63
74            android:name="com.medis.garage.activities.NoInternetActivity"
74-->src/main/AndroidManifest.xml:43:17-78
75            android:screenOrientation="portrait"
75-->src/main/AndroidManifest.xml:44:17-53
76            android:theme="@style/AppTheme.NoActionBar" />
76-->src/main/AndroidManifest.xml:45:17-60
77        <activity
77-->src/main/AndroidManifest.xml:47:9-51:62
78            android:name="com.medis.garage.activities.VehicleDetailActivity"
78-->src/main/AndroidManifest.xml:48:17-81
79            android:screenOrientation="portrait"
79-->src/main/AndroidManifest.xml:49:17-53
80            android:theme="@style/AppTheme.NoActionBar"
80-->src/main/AndroidManifest.xml:50:17-60
81            android:windowSoftInputMode="adjustResize" />
81-->src/main/AndroidManifest.xml:51:17-59
82        <activity
82-->src/main/AndroidManifest.xml:53:9-56:63
83            android:name="com.medis.garage.activities.VehicleCategories"
83-->src/main/AndroidManifest.xml:54:17-77
84            android:screenOrientation="portrait"
84-->src/main/AndroidManifest.xml:55:17-53
85            android:theme="@style/AppTheme.NoActionBar" />
85-->src/main/AndroidManifest.xml:56:17-60
86        <activity
86-->src/main/AndroidManifest.xml:58:9-61:63
87            android:name="com.medis.garage.activities.RefuelListActivity"
87-->src/main/AndroidManifest.xml:59:17-78
88            android:screenOrientation="portrait"
88-->src/main/AndroidManifest.xml:60:17-53
89            android:theme="@style/AppTheme.NoActionBar" />
89-->src/main/AndroidManifest.xml:61:17-60
90        <activity
90-->src/main/AndroidManifest.xml:63:9-67:62
91            android:name="com.medis.garage.activities.RefuelDetailActivity"
91-->src/main/AndroidManifest.xml:64:17-80
92            android:screenOrientation="portrait"
92-->src/main/AndroidManifest.xml:65:17-53
93            android:theme="@style/AppTheme.NoActionBar"
93-->src/main/AndroidManifest.xml:66:17-60
94            android:windowSoftInputMode="adjustResize" />
94-->src/main/AndroidManifest.xml:67:17-59
95        <activity
95-->src/main/AndroidManifest.xml:69:9-72:63
96            android:name="com.medis.garage.activities.ServiceListActivity"
96-->src/main/AndroidManifest.xml:70:17-79
97            android:screenOrientation="portrait"
97-->src/main/AndroidManifest.xml:71:17-53
98            android:theme="@style/AppTheme.NoActionBar" />
98-->src/main/AndroidManifest.xml:72:17-60
99        <activity
99-->src/main/AndroidManifest.xml:74:9-78:62
100            android:name="com.medis.garage.activities.ServiceDetailActivity"
100-->src/main/AndroidManifest.xml:75:17-81
101            android:screenOrientation="portrait"
101-->src/main/AndroidManifest.xml:76:17-53
102            android:theme="@style/AppTheme.NoActionBar"
102-->src/main/AndroidManifest.xml:77:17-60
103            android:windowSoftInputMode="adjustResize" />
103-->src/main/AndroidManifest.xml:78:17-59
104        <activity
104-->src/main/AndroidManifest.xml:80:9-83:63
105            android:name="com.medis.garage.activities.ExpenseListActivity"
105-->src/main/AndroidManifest.xml:81:17-79
106            android:screenOrientation="portrait"
106-->src/main/AndroidManifest.xml:82:17-53
107            android:theme="@style/AppTheme.NoActionBar" />
107-->src/main/AndroidManifest.xml:83:17-60
108        <activity
108-->src/main/AndroidManifest.xml:85:9-89:62
109            android:name="com.medis.garage.activities.ExpenseDetailActivity"
109-->src/main/AndroidManifest.xml:86:17-81
110            android:screenOrientation="portrait"
110-->src/main/AndroidManifest.xml:87:17-53
111            android:theme="@style/AppTheme.NoActionBar"
111-->src/main/AndroidManifest.xml:88:17-60
112            android:windowSoftInputMode="adjustResize" />
112-->src/main/AndroidManifest.xml:89:17-59
113        <activity
113-->src/main/AndroidManifest.xml:91:9-94:63
114            android:name="com.medis.garage.activities.InsuranceListActivity"
114-->src/main/AndroidManifest.xml:92:17-81
115            android:screenOrientation="portrait"
115-->src/main/AndroidManifest.xml:93:17-53
116            android:theme="@style/AppTheme.NoActionBar" />
116-->src/main/AndroidManifest.xml:94:17-60
117        <activity
117-->src/main/AndroidManifest.xml:96:9-100:62
118            android:name="com.medis.garage.activities.InsuranceDetailActivity"
118-->src/main/AndroidManifest.xml:97:17-83
119            android:screenOrientation="portrait"
119-->src/main/AndroidManifest.xml:98:17-53
120            android:theme="@style/AppTheme.NoActionBar"
120-->src/main/AndroidManifest.xml:99:17-60
121            android:windowSoftInputMode="adjustResize" />
121-->src/main/AndroidManifest.xml:100:17-59
122        <activity
122-->src/main/AndroidManifest.xml:102:9-105:63
123            android:name="com.medis.garage.activities.PermitListActivity"
123-->src/main/AndroidManifest.xml:103:17-78
124            android:screenOrientation="portrait"
124-->src/main/AndroidManifest.xml:104:17-53
125            android:theme="@style/AppTheme.NoActionBar" />
125-->src/main/AndroidManifest.xml:105:17-60
126        <activity
126-->src/main/AndroidManifest.xml:107:9-111:62
127            android:name="com.medis.garage.activities.PermitDetailActivity"
127-->src/main/AndroidManifest.xml:108:17-80
128            android:screenOrientation="portrait"
128-->src/main/AndroidManifest.xml:109:17-53
129            android:theme="@style/AppTheme.NoActionBar"
129-->src/main/AndroidManifest.xml:110:17-60
130            android:windowSoftInputMode="adjustResize" />
130-->src/main/AndroidManifest.xml:111:17-59
131        <activity
131-->src/main/AndroidManifest.xml:113:9-116:63
132            android:name="com.medis.garage.activities.PUCListActivity"
132-->src/main/AndroidManifest.xml:114:17-75
133            android:screenOrientation="portrait"
133-->src/main/AndroidManifest.xml:115:17-53
134            android:theme="@style/AppTheme.NoActionBar" />
134-->src/main/AndroidManifest.xml:116:17-60
135        <activity
135-->src/main/AndroidManifest.xml:118:9-122:62
136            android:name="com.medis.garage.activities.PUCDetailActivity"
136-->src/main/AndroidManifest.xml:119:17-77
137            android:screenOrientation="portrait"
137-->src/main/AndroidManifest.xml:120:17-53
138            android:theme="@style/AppTheme.NoActionBar"
138-->src/main/AndroidManifest.xml:121:17-60
139            android:windowSoftInputMode="adjustResize" />
139-->src/main/AndroidManifest.xml:122:17-59
140        <activity
140-->src/main/AndroidManifest.xml:124:9-127:63
141            android:name="com.medis.garage.activities.AccidentListActivity"
141-->src/main/AndroidManifest.xml:125:17-80
142            android:screenOrientation="portrait"
142-->src/main/AndroidManifest.xml:126:17-53
143            android:theme="@style/AppTheme.NoActionBar" />
143-->src/main/AndroidManifest.xml:127:17-60
144        <activity
144-->src/main/AndroidManifest.xml:129:9-133:62
145            android:name="com.medis.garage.activities.AccidentDetailActivity"
145-->src/main/AndroidManifest.xml:130:17-82
146            android:screenOrientation="portrait"
146-->src/main/AndroidManifest.xml:131:17-53
147            android:theme="@style/AppTheme.NoActionBar"
147-->src/main/AndroidManifest.xml:132:17-60
148            android:windowSoftInputMode="adjustResize" />
148-->src/main/AndroidManifest.xml:133:17-59
149        <activity
149-->src/main/AndroidManifest.xml:135:9-139:62
150            android:name="com.medis.garage.activities.SummaryActivity"
150-->src/main/AndroidManifest.xml:136:17-75
151            android:screenOrientation="portrait"
151-->src/main/AndroidManifest.xml:137:17-53
152            android:theme="@style/AppTheme.NoActionBar"
152-->src/main/AndroidManifest.xml:138:17-60
153            android:windowSoftInputMode="adjustResize" />
153-->src/main/AndroidManifest.xml:139:17-59
154
155        <service
155-->src/main/AndroidManifest.xml:142:9-144:74
156            android:name="com.medis.garage.notifications.AlarmService"
156-->src/main/AndroidManifest.xml:144:13-71
157            android:exported="false" />
157-->src/main/AndroidManifest.xml:143:13-37
158
159        <receiver
159-->src/main/AndroidManifest.xml:146:9-149:42
160            android:name="com.medis.garage.notifications.AlarmReceiver"
160-->src/main/AndroidManifest.xml:148:17-76
161            android:enabled="true"
161-->src/main/AndroidManifest.xml:149:17-39
162            android:exported="false" />
162-->src/main/AndroidManifest.xml:147:13-37
163        <receiver
163-->src/main/AndroidManifest.xml:150:9-157:20
164            android:name="com.medis.garage.notifications.OnBootReceiver"
164-->src/main/AndroidManifest.xml:152:17-77
165            android:enabled="false"
165-->src/main/AndroidManifest.xml:153:17-40
166            android:exported="false" >
166-->src/main/AndroidManifest.xml:151:13-37
167            <intent-filter>
167-->src/main/AndroidManifest.xml:154:13-156:29
168                <action android:name="android.intent.action.BOOT_COMPLETED" />
168-->src/main/AndroidManifest.xml:155:17-79
168-->src/main/AndroidManifest.xml:155:25-76
169            </intent-filter>
170        </receiver>
171
172        <service
172-->src/main/AndroidManifest.xml:160:9-167:19
173            android:name="com.medis.garage.pushnotification.MyFirebaseMessagingService"
173-->src/main/AndroidManifest.xml:161:17-92
174            android:exported="false" >
174-->src/main/AndroidManifest.xml:162:17-41
175            <intent-filter>
175-->src/main/AndroidManifest.xml:163:13-166:29
176                <action android:name="com.google.firebase.MESSAGING_EVENT" />
176-->src/main/AndroidManifest.xml:164:17-78
176-->src/main/AndroidManifest.xml:164:25-75
177                <action android:name="com.google.android.c2dm.intent.RECEIVE" />
177-->src/main/AndroidManifest.xml:165:17-81
177-->src/main/AndroidManifest.xml:165:25-78
178            </intent-filter>
179        </service>
180        <service
180-->src/main/AndroidManifest.xml:169:9-175:19
181            android:name="com.google.firebase.components.ComponentDiscoveryService"
181-->src/main/AndroidManifest.xml:171:13-84
182            android:directBootAware="true"
182-->[com.google.firebase:firebase-common:20.2.0] AndroidManifest.xml:34:13-43
183            android:exported="false" >
183-->src/main/AndroidManifest.xml:170:13-37
184            <meta-data
184-->src/main/AndroidManifest.xml:172:13-174:89
185                android:name="com.google.firebase.components:com.google.firebase.iid.Registrar"
185-->src/main/AndroidManifest.xml:173:21-100
186                android:value="com.google.firebase.components.ComponentRegistrar" />
186-->src/main/AndroidManifest.xml:174:21-86
187            <meta-data
187-->[com.google.firebase:firebase-messaging:23.1.0] AndroidManifest.xml:55:13-57:85
188                android:name="com.google.firebase.components:com.google.firebase.messaging.FirebaseMessagingRegistrar"
188-->[com.google.firebase:firebase-messaging:23.1.0] AndroidManifest.xml:56:17-119
189                android:value="com.google.firebase.components.ComponentRegistrar" />
189-->[com.google.firebase:firebase-messaging:23.1.0] AndroidManifest.xml:57:17-82
190            <meta-data
190-->[com.google.android.gms:play-services-measurement-api:21.2.0] AndroidManifest.xml:31:13-33:85
191                android:name="com.google.firebase.components:com.google.firebase.analytics.connector.internal.AnalyticsConnectorRegistrar"
191-->[com.google.android.gms:play-services-measurement-api:21.2.0] AndroidManifest.xml:32:17-139
192                android:value="com.google.firebase.components.ComponentRegistrar" />
192-->[com.google.android.gms:play-services-measurement-api:21.2.0] AndroidManifest.xml:33:17-82
193            <meta-data
193-->[com.google.firebase:firebase-datatransport:18.1.7] AndroidManifest.xml:27:13-29:85
194                android:name="com.google.firebase.components:com.google.firebase.datatransport.TransportRegistrar"
194-->[com.google.firebase:firebase-datatransport:18.1.7] AndroidManifest.xml:28:17-115
195                android:value="com.google.firebase.components.ComponentRegistrar" />
195-->[com.google.firebase:firebase-datatransport:18.1.7] AndroidManifest.xml:29:17-82
196            <meta-data
196-->[com.google.firebase:firebase-installations:17.1.0] AndroidManifest.xml:17:13-19:85
197                android:name="com.google.firebase.components:com.google.firebase.installations.FirebaseInstallationsRegistrar"
197-->[com.google.firebase:firebase-installations:17.1.0] AndroidManifest.xml:18:17-127
198                android:value="com.google.firebase.components.ComponentRegistrar" />
198-->[com.google.firebase:firebase-installations:17.1.0] AndroidManifest.xml:19:17-82
199        </service>
200
201        <activity
201-->[com.google.android.gms:play-services-auth:20.3.0] AndroidManifest.xml:23:9-27:75
202            android:name="com.google.android.gms.auth.api.signin.internal.SignInHubActivity"
202-->[com.google.android.gms:play-services-auth:20.3.0] AndroidManifest.xml:24:13-93
203            android:excludeFromRecents="true"
203-->[com.google.android.gms:play-services-auth:20.3.0] AndroidManifest.xml:25:13-46
204            android:exported="false"
204-->[com.google.android.gms:play-services-auth:20.3.0] AndroidManifest.xml:26:13-37
205            android:theme="@android:style/Theme.Translucent.NoTitleBar" />
205-->[com.google.android.gms:play-services-auth:20.3.0] AndroidManifest.xml:27:13-72
206        <!--
207            Service handling Google Sign-In user revocation. For apps that do not integrate with
208            Google Sign-In, this service will never be started.
209        -->
210        <service
210-->[com.google.android.gms:play-services-auth:20.3.0] AndroidManifest.xml:33:9-37:51
211            android:name="com.google.android.gms.auth.api.signin.RevocationBoundService"
211-->[com.google.android.gms:play-services-auth:20.3.0] AndroidManifest.xml:34:13-89
212            android:exported="true"
212-->[com.google.android.gms:play-services-auth:20.3.0] AndroidManifest.xml:35:13-36
213            android:permission="com.google.android.gms.auth.api.signin.permission.REVOCATION_NOTIFICATION"
213-->[com.google.android.gms:play-services-auth:20.3.0] AndroidManifest.xml:36:13-107
214            android:visibleToInstantApps="true" />
214-->[com.google.android.gms:play-services-auth:20.3.0] AndroidManifest.xml:37:13-48
215
216        <provider
216-->[com.squareup.picasso:picasso:2.71828] AndroidManifest.xml:8:9-11:40
217            android:name="com.squareup.picasso.PicassoProvider"
217-->[com.squareup.picasso:picasso:2.71828] AndroidManifest.xml:9:13-64
218            android:authorities="com.ninetynineapps.vehiclemanager.com.squareup.picasso"
218-->[com.squareup.picasso:picasso:2.71828] AndroidManifest.xml:10:13-72
219            android:exported="false" />
219-->[com.squareup.picasso:picasso:2.71828] AndroidManifest.xml:11:13-37
220
221        <activity
221-->[com.facebook.android:audience-network-sdk:6.2.1] AndroidManifest.xml:15:9-19:75
222            android:name="com.facebook.ads.AudienceNetworkActivity"
222-->[com.facebook.android:audience-network-sdk:6.2.1] AndroidManifest.xml:16:13-68
223            android:configChanges="keyboardHidden|orientation|screenSize"
223-->[com.facebook.android:audience-network-sdk:6.2.1] AndroidManifest.xml:17:13-74
224            android:exported="false"
224-->[com.facebook.android:audience-network-sdk:6.2.1] AndroidManifest.xml:18:13-37
225            android:theme="@android:style/Theme.Translucent.NoTitleBar" />
225-->[com.facebook.android:audience-network-sdk:6.2.1] AndroidManifest.xml:19:13-72
226
227        <provider
227-->[com.facebook.android:audience-network-sdk:6.2.1] AndroidManifest.xml:21:9-24:40
228            android:name="com.facebook.ads.AudienceNetworkContentProvider"
228-->[com.facebook.android:audience-network-sdk:6.2.1] AndroidManifest.xml:22:13-75
229            android:authorities="com.ninetynineapps.vehiclemanager.AudienceNetworkContentProvider"
229-->[com.facebook.android:audience-network-sdk:6.2.1] AndroidManifest.xml:23:13-82
230            android:exported="false" />
230-->[com.facebook.android:audience-network-sdk:6.2.1] AndroidManifest.xml:24:13-37
231
232        <receiver
232-->[com.google.firebase:firebase-messaging:23.1.0] AndroidManifest.xml:31:9-38:20
233            android:name="com.google.firebase.iid.FirebaseInstanceIdReceiver"
233-->[com.google.firebase:firebase-messaging:23.1.0] AndroidManifest.xml:32:13-78
234            android:exported="true"
234-->[com.google.firebase:firebase-messaging:23.1.0] AndroidManifest.xml:33:13-36
235            android:permission="com.google.android.c2dm.permission.SEND" >
235-->[com.google.firebase:firebase-messaging:23.1.0] AndroidManifest.xml:34:13-73
236            <intent-filter>
236-->[com.google.firebase:firebase-messaging:23.1.0] AndroidManifest.xml:35:13-37:29
237                <action android:name="com.google.android.c2dm.intent.RECEIVE" />
237-->src/main/AndroidManifest.xml:165:17-81
237-->src/main/AndroidManifest.xml:165:25-78
238            </intent-filter>
239        </receiver>
240        <!--
241             FirebaseMessagingService performs security checks at runtime,
242             but set to not exported to explicitly avoid allowing another app to call it.
243        -->
244        <service
244-->[com.google.firebase:firebase-messaging:23.1.0] AndroidManifest.xml:44:9-51:19
245            android:name="com.google.firebase.messaging.FirebaseMessagingService"
245-->[com.google.firebase:firebase-messaging:23.1.0] AndroidManifest.xml:45:13-82
246            android:directBootAware="true"
246-->[com.google.firebase:firebase-messaging:23.1.0] AndroidManifest.xml:46:13-43
247            android:exported="false" >
247-->[com.google.firebase:firebase-messaging:23.1.0] AndroidManifest.xml:47:13-37
248            <intent-filter android:priority="-500" >
248-->[com.google.firebase:firebase-messaging:23.1.0] AndroidManifest.xml:48:13-50:29
248-->[com.google.firebase:firebase-messaging:23.1.0] AndroidManifest.xml:48:28-51
249                <action android:name="com.google.firebase.MESSAGING_EVENT" />
249-->src/main/AndroidManifest.xml:164:17-78
249-->src/main/AndroidManifest.xml:164:25-75
250            </intent-filter>
251        </service> <!-- Include the AdActivity and InAppPurchaseActivity configChanges and themes. -->
252        <activity
252-->[com.google.android.gms:play-services-ads-lite:21.3.0] AndroidManifest.xml:49:9-53:64
253            android:name="com.google.android.gms.ads.AdActivity"
253-->[com.google.android.gms:play-services-ads-lite:21.3.0] AndroidManifest.xml:50:13-65
254            android:configChanges="keyboard|keyboardHidden|orientation|screenLayout|uiMode|screenSize|smallestScreenSize"
254-->[com.google.android.gms:play-services-ads-lite:21.3.0] AndroidManifest.xml:51:13-122
255            android:exported="false"
255-->[com.google.android.gms:play-services-ads-lite:21.3.0] AndroidManifest.xml:52:13-37
256            android:theme="@android:style/Theme.Translucent" />
256-->[com.google.android.gms:play-services-ads-lite:21.3.0] AndroidManifest.xml:53:13-61
257
258        <provider
258-->[com.google.android.gms:play-services-ads-lite:21.3.0] AndroidManifest.xml:55:9-59:39
259            android:name="com.google.android.gms.ads.MobileAdsInitProvider"
259-->[com.google.android.gms:play-services-ads-lite:21.3.0] AndroidManifest.xml:56:13-76
260            android:authorities="com.ninetynineapps.vehiclemanager.mobileadsinitprovider"
260-->[com.google.android.gms:play-services-ads-lite:21.3.0] AndroidManifest.xml:57:13-73
261            android:exported="false"
261-->[com.google.android.gms:play-services-ads-lite:21.3.0] AndroidManifest.xml:58:13-37
262            android:initOrder="100" />
262-->[com.google.android.gms:play-services-ads-lite:21.3.0] AndroidManifest.xml:59:13-36
263
264        <service
264-->[com.google.android.gms:play-services-ads-lite:21.3.0] AndroidManifest.xml:61:9-64:40
265            android:name="com.google.android.gms.ads.AdService"
265-->[com.google.android.gms:play-services-ads-lite:21.3.0] AndroidManifest.xml:62:13-64
266            android:enabled="true"
266-->[com.google.android.gms:play-services-ads-lite:21.3.0] AndroidManifest.xml:63:13-35
267            android:exported="false" />
267-->[com.google.android.gms:play-services-ads-lite:21.3.0] AndroidManifest.xml:64:13-37
268
269        <receiver
269-->[com.google.android.gms:play-services-measurement:21.2.0] AndroidManifest.xml:29:9-33:20
270            android:name="com.google.android.gms.measurement.AppMeasurementReceiver"
270-->[com.google.android.gms:play-services-measurement:21.2.0] AndroidManifest.xml:30:13-85
271            android:enabled="true"
271-->[com.google.android.gms:play-services-measurement:21.2.0] AndroidManifest.xml:31:13-35
272            android:exported="false" >
272-->[com.google.android.gms:play-services-measurement:21.2.0] AndroidManifest.xml:32:13-37
273        </receiver>
274
275        <service
275-->[com.google.android.gms:play-services-measurement:21.2.0] AndroidManifest.xml:35:9-38:40
276            android:name="com.google.android.gms.measurement.AppMeasurementService"
276-->[com.google.android.gms:play-services-measurement:21.2.0] AndroidManifest.xml:36:13-84
277            android:enabled="true"
277-->[com.google.android.gms:play-services-measurement:21.2.0] AndroidManifest.xml:37:13-35
278            android:exported="false" />
278-->[com.google.android.gms:play-services-measurement:21.2.0] AndroidManifest.xml:38:13-37
279        <service
279-->[com.google.android.gms:play-services-measurement:21.2.0] AndroidManifest.xml:39:9-43:72
280            android:name="com.google.android.gms.measurement.AppMeasurementJobService"
280-->[com.google.android.gms:play-services-measurement:21.2.0] AndroidManifest.xml:40:13-87
281            android:enabled="true"
281-->[com.google.android.gms:play-services-measurement:21.2.0] AndroidManifest.xml:41:13-35
282            android:exported="false"
282-->[com.google.android.gms:play-services-measurement:21.2.0] AndroidManifest.xml:42:13-37
283            android:permission="android.permission.BIND_JOB_SERVICE" />
283-->[com.google.android.gms:play-services-measurement:21.2.0] AndroidManifest.xml:43:13-69
284
285        <activity
285-->[com.google.android.gms:play-services-base:18.0.1] AndroidManifest.xml:20:9-22:45
286            android:name="com.google.android.gms.common.api.GoogleApiActivity"
286-->[com.google.android.gms:play-services-base:18.0.1] AndroidManifest.xml:20:19-85
287            android:exported="false"
287-->[com.google.android.gms:play-services-base:18.0.1] AndroidManifest.xml:22:19-43
288            android:theme="@android:style/Theme.Translucent.NoTitleBar" />
288-->[com.google.android.gms:play-services-base:18.0.1] AndroidManifest.xml:21:19-78
289
290        <provider